{
  "stats": {
    "suites": 2,
    "tests": 7,
    "passes": 7,
    "pending": 0,
    "failures": 0,
    "start": "2023-06-25T19:38:03.329Z",
    "end": "2023-06-25T19:38:15.167Z",
    "duration": 11838,
    "testsRegistered": 7,
    "passPercent": 100,
    "pendingPercent": 0,
    "other": 0,
    "hasOther": false,
    "skipped": 0,
    "hasSkipped": false
  },
  "results": [
    {
      "uuid": "2bde5bf3-21a7-427f-abf1-80e48301d028",
      "title": "",
      "fullFile": "cypress\\e2e\\1-getting-started\\autoTest.cy.js",
      "file": "cypress\\e2e\\1-getting-started\\autoTest.cy.js",
      "beforeHooks": [],
      "afterHooks": [],
      "tests": [],
      "suites": [
        {
          "uuid": "791a3936-2437-4934-821e-6dea961f6f7a",
          "title": "Login Page",
          "fullFile": "",
          "file": "",
          "beforeHooks": [],
          "afterHooks": [],
          "tests": [
            {
              "title": "Should be able to login into with any provided login id and password",
              "fullTitle": "Login Page Should be able to login into with any provided login id and password",
              "timedOut": null,
              "duration": 2490,
              "state": "passed",
              "speed": "fast",
              "pass": true,
              "fail": false,
              "pending": false,
              "context": null,
              "code": "cy.get('input#username.form-control').type('validuser');\ncy.get('input#password.form-control').type('validpassword');\ncy.get('button#log-in.btn.btn-primary').click();\ncy.url().should('include', homeURL);",
              "err": {},
              "uuid": "2f9efa77-d487-481f-a9b9-8fe45377da00",
              "parentUUID": "791a3936-2437-4934-821e-6dea961f6f7a",
              "isHook": false,
              "skipped": false
            },
            {
              "title": "Should not be able to login if Username and password is not provided",
              "fullTitle": "Login Page Should not be able to login if Username and password is not provided",
              "timedOut": null,
              "duration": 337,
              "state": "passed",
              "speed": "fast",
              "pass": true,
              "fail": false,
              "pending": false,
              "context": null,
              "code": "cy.get('button#log-in.btn.btn-primary').click();\ncy.url().should('include', loginURL);\ncy.get('[id^=\"random_id_\"]').should('contain', 'Both Username and Password must be present');",
              "err": {},
              "uuid": "3c6711ba-7a28-407c-b6bf-5f9c883fbec7",
              "parentUUID": "791a3936-2437-4934-821e-6dea961f6f7a",
              "isHook": false,
              "skipped": false
            },
            {
              "title": "Should not be able to login if Username is not provided",
              "fullTitle": "Login Page Should not be able to login if Username is not provided",
              "timedOut": null,
              "duration": 751,
              "state": "passed",
              "speed": "fast",
              "pass": true,
              "fail": false,
              "pending": false,
              "context": null,
              "code": "cy.get('input#password.form-control').type('validpassword');\ncy.get('button#log-in.btn.btn-primary').click();\ncy.url().should('include', loginURL);\ncy.get('[id^=\"random_id_\"]').should('contain', 'Username must be present');",
              "err": {},
              "uuid": "485dc55b-6074-4fff-a7a5-994e6dfef09a",
              "parentUUID": "791a3936-2437-4934-821e-6dea961f6f7a",
              "isHook": false,
              "skipped": false
            },
            {
              "title": "Should not be able to login if password is not provided",
              "fullTitle": "Login Page Should not be able to login if password is not provided",
              "timedOut": null,
              "duration": 664,
              "state": "passed",
              "speed": "fast",
              "pass": true,
              "fail": false,
              "pending": false,
              "context": null,
              "code": "cy.get('input#username.form-control').type('validuser');\ncy.get('button#log-in.btn.btn-primary').click();\ncy.url().should('include', loginURL);\ncy.get('[id^=\"random_id_\"]').should('contain', 'Password must be present');",
              "err": {},
              "uuid": "9ef10c66-c79c-4d03-bec4-df033a896351",
              "parentUUID": "791a3936-2437-4934-821e-6dea961f6f7a",
              "isHook": false,
              "skipped": false
            },
            {
              "title": "Should be able to move to index page if user clicks on logo",
              "fullTitle": "Login Page Should be able to move to index page if user clicks on logo",
              "timedOut": null,
              "duration": 440,
              "state": "passed",
              "speed": "fast",
              "pass": true,
              "fail": false,
              "pending": false,
              "context": null,
              "code": "cy.get('img[src=\"img/logo-big.png\"]').click().then(() => {\n  cy.url().should('include', indexURL);\n});",
              "err": {},
              "uuid": "2bfdc468-9a40-4129-abc2-b3ec710e4d94",
              "parentUUID": "791a3936-2437-4934-821e-6dea961f6f7a",
              "isHook": false,
              "skipped": false
            },
            {
              "title": "Should be able to remember the username if Remember me is selected",
              "fullTitle": "Login Page Should be able to remember the username if Remember me is selected",
              "timedOut": null,
              "duration": 2262,
              "state": "passed",
              "speed": "fast",
              "pass": true,
              "fail": false,
              "pending": false,
              "context": null,
              "code": "cy.get('input#username.form-control').type('validusername');\ncy.get('input#password.form-control').type('validpassword');\ncy.get('input.form-check-input').click();\ncy.get('button#log-in.btn.btn-primary').click();\ncy.url().should('include', homeURL);\ncy.go('back');\ncy.get('input#username.form-control').should('have.value', 'validusername');",
              "err": {},
              "uuid": "e3b804a9-144a-462e-b5f7-e9a225d4e1c5",
              "parentUUID": "791a3936-2437-4934-821e-6dea961f6f7a",
              "isHook": false,
              "skipped": false
            }
          ],
          "suites": [],
          "passes": [
            "2f9efa77-d487-481f-a9b9-8fe45377da00",
            "3c6711ba-7a28-407c-b6bf-5f9c883fbec7",
            "485dc55b-6074-4fff-a7a5-994e6dfef09a",
            "9ef10c66-c79c-4d03-bec4-df033a896351",
            "2bfdc468-9a40-4129-abc2-b3ec710e4d94",
            "e3b804a9-144a-462e-b5f7-e9a225d4e1c5"
          ],
          "failures": [],
          "pending": [],
          "skipped": [],
          "duration": 6944,
          "root": false,
          "rootEmpty": false,
          "_timeout": 2000
        },
        {
          "uuid": "cbb88fef-f3c8-4f62-860c-1c24bc1d3b22",
          "title": "Home Page",
          "fullFile": "",
          "file": "",
          "beforeHooks": [],
          "afterHooks": [],
          "tests": [
            {
              "title": "Should be able to sort all the table rows in decreasing order of amount on clicking Amount thread",
              "fullTitle": "Home Page Should be able to sort all the table rows in decreasing order of amount on clicking Amount thread",
              "timedOut": null,
              "duration": 2303,
              "state": "passed",
              "speed": "fast",
              "pass": true,
              "fail": false,
              "pending": false,
              "context": null,
              "code": "const mockData = ['- 320.00 USD', '- 244.00 USD', '+ 17.99 USD', '+ 340.00 USD', '+ 952.23 USD', '+ 1,250.00 USD'];\nvar i = 0;\ncy.get('input#username.form-control').type('validusername');\ncy.get('input#password.form-control').type('validpassword');\ncy.get('button#log-in.btn.btn-primary').click();\ncy.url().should('include', homeURL);\ncy.get('th#amount.text-right').click();\ncy.get('tbody').find('tr').each(row => {\n  cy.wrap(row).get('span[class^=\"text-\"]').should('contain', mockData[i++]);\n});",
              "err": {},
              "uuid": "a2e9d776-3039-4537-8cc3-39018f902b90",
              "parentUUID": "cbb88fef-f3c8-4f62-860c-1c24bc1d3b22",
              "isHook": false,
              "skipped": false
            }
          ],
          "suites": [],
          "passes": [
            "a2e9d776-3039-4537-8cc3-39018f902b90"
          ],
          "failures": [],
          "pending": [],
          "skipped": [],
          "duration": 2303,
          "root": false,
          "rootEmpty": false,
          "_timeout": 2000
        }
      ],
      "passes": [],
      "failures": [],
      "pending": [],
      "skipped": [],
      "duration": 0,
      "root": true,
      "rootEmpty": true,
      "_timeout": 2000
    }
  ],
  "meta": {
    "mocha": {
      "version": "7.0.1"
    },
    "mochawesome": {
      "options": {
        "quiet": false,
        "reportFilename": "mochawesome",
        "saveHtml": true,
        "saveJson": true,
        "consoleReporter": "spec",
        "useInlineDiffs": false,
        "code": true
      },
      "version": "7.1.3"
    },
    "marge": {
      "options": null,
      "version": "6.2.0"
    }
  }
}